0 info it worked if it ends with ok
1 verbose cli [ 'node', '/usr/local/bin/npm', 'install', 'ejs' ]
2 info using npm@1.4.28
3 info using node@v0.10.32
4 verbose readDependencies using package.json deps
5 verbose cache add [ 'ejs@1.2', null ]
6 verbose cache add name=undefined spec="ejs@1.2" args=["ejs@1.2",null]
7 verbose parsed url { protocol: null,
7 verbose parsed url   slashes: null,
7 verbose parsed url   auth: null,
7 verbose parsed url   host: null,
7 verbose parsed url   port: null,
7 verbose parsed url   hostname: null,
7 verbose parsed url   hash: null,
7 verbose parsed url   search: null,
7 verbose parsed url   query: null,
7 verbose parsed url   pathname: 'ejs@1.2',
7 verbose parsed url   path: 'ejs@1.2',
7 verbose parsed url   href: 'ejs@1.2' }
8 verbose cache add name="ejs" spec="1.2" args=["ejs","1.2"]
9 verbose parsed url { protocol: null,
9 verbose parsed url   slashes: null,
9 verbose parsed url   auth: null,
9 verbose parsed url   host: null,
9 verbose parsed url   port: null,
9 verbose parsed url   hostname: null,
9 verbose parsed url   hash: null,
9 verbose parsed url   search: null,
9 verbose parsed url   query: null,
9 verbose parsed url   pathname: '1.2',
9 verbose parsed url   path: '1.2',
9 verbose parsed url   href: '1.2' }
10 verbose addNamed [ 'ejs', '1.2' ]
11 verbose addNamed [ null, '>=1.2.0-0 <1.3.0-0' ]
12 silly lockFile ae900b20-ejs-1-2 ejs@1.2
13 verbose lock ejs@1.2 /Users/kevin521/.npm/ae900b20-ejs-1-2.lock
14 silly addNameRange { name: 'ejs', range: '>=1.2.0-0 <1.3.0-0', hasData: false }
15 verbose request where is /ejs
16 verbose request registry https://registry.npmjs.org/
17 verbose request id 940bf1e257e09565
18 verbose url raw /ejs
19 verbose url resolving [ 'https://registry.npmjs.org/', './ejs' ]
20 verbose url resolved https://registry.npmjs.org/ejs
21 verbose request where is https://registry.npmjs.org/ejs
22 info trying registry request attempt 1 at 18:27:54
23 verbose etag "5GPNQTTE2XB2NM83T37J14ZQ1"
24 http GET https://registry.npmjs.org/ejs
25 http 200 https://registry.npmjs.org/ejs
26 silly registry.get cb [ 200,
26 silly registry.get   { server: 'CouchDB/1.5.0 (Erlang OTP/R16B03)',
26 silly registry.get     etag: '"3QIDPORJRM3E9NG2M1E8YYLM5"',
26 silly registry.get     'content-type': 'application/json',
26 silly registry.get     'cache-control': 'max-age=300',
26 silly registry.get     'content-length': '52232',
26 silly registry.get     'accept-ranges': 'bytes',
26 silly registry.get     date: 'Sat, 30 Jan 2016 02:27:48 GMT',
26 silly registry.get     via: '1.1 varnish',
26 silly registry.get     age: '26',
26 silly registry.get     connection: 'keep-alive',
26 silly registry.get     'x-served-by': 'cache-lax1431-LAX',
26 silly registry.get     'x-cache': 'HIT',
26 silly registry.get     'x-cache-hits': '1',
26 silly registry.get     'x-timer': 'S1454120868.505796,VS0,VE0',
26 silly registry.get     vary: 'Accept' } ]
27 silly addNameRange number 2 { name: 'ejs', range: '>=1.2.0-0 <1.3.0-0', hasData: true }
28 silly addNameRange versions [ 'ejs',
28 silly addNameRange   [ '0.0.1',
28 silly addNameRange     '0.0.2',
28 silly addNameRange     '0.0.3',
28 silly addNameRange     '0.0.4',
28 silly addNameRange     '0.1.0',
28 silly addNameRange     '0.2.0',
28 silly addNameRange     '0.2.1',
28 silly addNameRange     '0.3.0',
28 silly addNameRange     '0.3.1',
28 silly addNameRange     '0.4.0',
28 silly addNameRange     '0.4.1',
28 silly addNameRange     '0.4.2',
28 silly addNameRange     '0.4.3',
28 silly addNameRange     '0.5.0',
28 silly addNameRange     '0.6.0',
28 silly addNameRange     '0.6.1',
28 silly addNameRange     '0.7.0',
28 silly addNameRange     '0.7.1',
28 silly addNameRange     '0.7.2',
28 silly addNameRange     '0.8.0',
28 silly addNameRange     '0.8.1',
28 silly addNameRange     '0.8.2',
28 silly addNameRange     '0.8.3',
28 silly addNameRange     '0.8.4',
28 silly addNameRange     '0.8.5',
28 silly addNameRange     '0.8.6',
28 silly addNameRange     '0.8.8',
28 silly addNameRange     '1.0.0',
28 silly addNameRange     '2.0.2',
28 silly addNameRange     '2.0.3',
28 silly addNameRange     '2.0.4',
28 silly addNameRange     '2.0.5',
28 silly addNameRange     '2.0.6',
28 silly addNameRange     '2.0.7',
28 silly addNameRange     '2.0.8',
28 silly addNameRange     '2.1.1',
28 silly addNameRange     '2.1.2',
28 silly addNameRange     '2.1.3',
28 silly addNameRange     '2.1.4',
28 silly addNameRange     '2.2.1',
28 silly addNameRange     '2.2.2',
28 silly addNameRange     '2.2.3',
28 silly addNameRange     '2.2.4',
28 silly addNameRange     '2.3.1',
28 silly addNameRange     '2.3.2',
28 silly addNameRange     '2.3.3',
28 silly addNameRange     '2.3.4',
28 silly addNameRange     '2.4.1' ] ]
29 silly lockFile ae900b20-ejs-1-2 ejs@1.2
30 silly lockFile ae900b20-ejs-1-2 ejs@1.2
31 error notarget No compatible version found: ejs@'>=1.2.0-0 <1.3.0-0'
31 error notarget Valid install targets:
31 error notarget ["0.0.1","0.0.2","0.0.3","0.0.4","0.1.0","0.2.0","0.2.1","0.3.0","0.3.1","0.4.0","0.4.1","0.4.2","0.4.3","0.5.0","0.6.0","0.6.1","0.7.0","0.7.1","0.7.2","0.8.0","0.8.1","0.8.2","0.8.3","0.8.4","0.8.5","0.8.6","0.8.8","1.0.0","2.0.2","2.0.3","2.0.4","2.0.5","2.0.6","2.0.7","2.0.8","2.1.1","2.1.2","2.1.3","2.1.4","2.2.1","2.2.2","2.2.3","2.2.4","2.3.1","2.3.2","2.3.3","2.3.4","2.4.1"]
31 error notarget
31 error notarget This is most likely not a problem with npm itself.
31 error notarget In most cases you or one of your dependencies are requesting
31 error notarget a package version that doesn't exist.
32 error System Darwin 15.0.0
33 error command "node" "/usr/local/bin/npm" "install" "ejs"
34 error cwd /Users/kevin521/expedia
35 error node -v v0.10.32
36 error npm -v 1.4.28
37 error code ETARGET
38 verbose exit [ 1, true ]
